  empch.cpp
  Audio.cpp
  CameraComponent.cpp
  Collider.cpp
  Components.cpp
  Logic.cpp
  NameTag.cpp
  Tag.cpp
  RigidBody.cpp
  Sprite.cpp
  Transform.cpp
  WinData.cpp
  SceneManager.cpp
  AudioEngine.cpp
  Animation.cpp
  GUI.cpp
  Input.cpp
  Log.cpp
  Application.cpp
  CollisionResponse.cpp
  PlayerController.cpp
C:\sandbox\DuckAndGoose\DuckandGoose\ExoEngine\src\ExoEngine\ECS\Components\CameraComponent.cpp(27,60): warning C4100: 'obj': unreferenced formal parameter
C:\sandbox\DuckAndGoose\DuckandGoose\ExoEngine\src\ExoEngine\ECS\Components\CameraComponent.cpp(35,84): warning C4100: 'writer': unreferenced formal parameter
  Picker.cpp
  CollisionSystem.cpp
  matrix3D.cpp
  matrix4x4.cpp
  physics.cpp
C:\sandbox\DuckAndGoose\DuckandGoose\ExoEngine\src\ExoEngine\Math\physics.cpp(397,85): warning C4100: 'min1': unreferenced formal parameter
  PhysicsSystem.cpp
  Vec3.cpp
  Vmath.cpp
  ResourceManager.cpp
  EnemyMovement.cpp
  Time.cpp
  Buffer.cpp
  Camera2D.cpp
  FrameBuffer.cpp
  Graphics.cpp
  Renderer.cpp
  Shader.cpp
  SpriteRendering.cpp
  TextRendering.cpp
  Texture.cpp
  VertexArray.cpp
  VertexBuffer.cpp
  LevelEditor.cpp
  LogicSystem.cpp
  Window.cpp
  JSONserialization.cpp
  stb_image.cpp
C:\sandbox\DuckAndGoose\DuckandGoose\ExoEngine\src\Platform\LevelEditor\LevelEditor.cpp(95,86): warning C4244: 'argument': conversion from 'unsigned int' to 'float', possible loss of data
C:\sandbox\DuckAndGoose\DuckandGoose\ExoEngine\src\Platform\LevelEditor\LevelEditor.cpp(95,58): warning C4244: 'argument': conversion from 'unsigned int' to 'float', possible loss of data
  imgui.cpp
  ImGuizmo.cpp
  imgui_demo.cpp
  imgui_draw.cpp
  imgui_impl_glfw.cpp
  imgui_impl_opengl3.cpp
  imgui_tables.cpp
  imgui_widgets.cpp
     Creating library C:\sandbox\DuckAndGoose\DuckandGoose\bin\Release-x64\ExoEngine\ExoEngine.lib and object C:\sandbox\DuckAndGoose\DuckandGoose\bin\Release-x64\ExoEngine\ExoEngine.exp
  Generating code
  Previous IPDB not found, fall back to full compilation.
  All 12408 functions were compiled because no usable IPDB/IOBJ from previous compilation was found.
  Finished generating code
glfw3.lib(context.obj) : warning LNK4099: PDB 'glfw3.pdb' was not found with 'glfw3.lib(context.obj)' or at 'C:\sandbox\DuckAndGoose\DuckandGoose\bin\Release-x64\ExoEngine\glfw3.pdb'; linking object as if no debug info
glfw3.lib(init.obj) : warning LNK4099: PDB 'glfw3.pdb' was not found with 'glfw3.lib(init.obj)' or at 'C:\sandbox\DuckAndGoose\DuckandGoose\bin\Release-x64\ExoEngine\glfw3.pdb'; linking object as if no debug info
glfw3.lib(input.obj) : warning LNK4099: PDB 'glfw3.pdb' was not found with 'glfw3.lib(input.obj)' or at 'C:\sandbox\DuckAndGoose\DuckandGoose\bin\Release-x64\ExoEngine\glfw3.pdb'; linking object as if no debug info
glfw3.lib(monitor.obj) : warning LNK4099: PDB 'glfw3.pdb' was not found with 'glfw3.lib(monitor.obj)' or at 'C:\sandbox\DuckAndGoose\DuckandGoose\bin\Release-x64\ExoEngine\glfw3.pdb'; linking object as if no debug info
glfw3.lib(vulkan.obj) : warning LNK4099: PDB 'glfw3.pdb' was not found with 'glfw3.lib(vulkan.obj)' or at 'C:\sandbox\DuckAndGoose\DuckandGoose\bin\Release-x64\ExoEngine\glfw3.pdb'; linking object as if no debug info
glfw3.lib(window.obj) : warning LNK4099: PDB 'glfw3.pdb' was not found with 'glfw3.lib(window.obj)' or at 'C:\sandbox\DuckAndGoose\DuckandGoose\bin\Release-x64\ExoEngine\glfw3.pdb'; linking object as if no debug info
glfw3.lib(win32_init.obj) : warning LNK4099: PDB 'glfw3.pdb' was not found with 'glfw3.lib(win32_init.obj)' or at 'C:\sandbox\DuckAndGoose\DuckandGoose\bin\Release-x64\ExoEngine\glfw3.pdb'; linking object as if no debug info
glfw3.lib(win32_joystick.obj) : warning LNK4099: PDB 'glfw3.pdb' was not found with 'glfw3.lib(win32_joystick.obj)' or at 'C:\sandbox\DuckAndGoose\DuckandGoose\bin\Release-x64\ExoEngine\glfw3.pdb'; linking object as if no debug info
glfw3.lib(win32_monitor.obj) : warning LNK4099: PDB 'glfw3.pdb' was not found with 'glfw3.lib(win32_monitor.obj)' or at 'C:\sandbox\DuckAndGoose\DuckandGoose\bin\Release-x64\ExoEngine\glfw3.pdb'; linking object as if no debug info
glfw3.lib(win32_time.obj) : warning LNK4099: PDB 'glfw3.pdb' was not found with 'glfw3.lib(win32_time.obj)' or at 'C:\sandbox\DuckAndGoose\DuckandGoose\bin\Release-x64\ExoEngine\glfw3.pdb'; linking object as if no debug info
glfw3.lib(win32_thread.obj) : warning LNK4099: PDB 'glfw3.pdb' was not found with 'glfw3.lib(win32_thread.obj)' or at 'C:\sandbox\DuckAndGoose\DuckandGoose\bin\Release-x64\ExoEngine\glfw3.pdb'; linking object as if no debug info
glfw3.lib(win32_window.obj) : warning LNK4099: PDB 'glfw3.pdb' was not found with 'glfw3.lib(win32_window.obj)' or at 'C:\sandbox\DuckAndGoose\DuckandGoose\bin\Release-x64\ExoEngine\glfw3.pdb'; linking object as if no debug info
glfw3.lib(wgl_context.obj) : warning LNK4099: PDB 'glfw3.pdb' was not found with 'glfw3.lib(wgl_context.obj)' or at 'C:\sandbox\DuckAndGoose\DuckandGoose\bin\Release-x64\ExoEngine\glfw3.pdb'; linking object as if no debug info
glfw3.lib(egl_context.obj) : warning LNK4099: PDB 'glfw3.pdb' was not found with 'glfw3.lib(egl_context.obj)' or at 'C:\sandbox\DuckAndGoose\DuckandGoose\bin\Release-x64\ExoEngine\glfw3.pdb'; linking object as if no debug info
glfw3.lib(osmesa_context.obj) : warning LNK4099: PDB 'glfw3.pdb' was not found with 'glfw3.lib(osmesa_context.obj)' or at 'C:\sandbox\DuckAndGoose\DuckandGoose\bin\Release-x64\ExoEngine\glfw3.pdb'; linking object as if no debug info
  ExoEngine.vcxproj -> C:\sandbox\DuckAndGoose\DuckandGoose\bin\Release-x64\ExoEngine\ExoEngine.dll
          1 file(s) copied.
