c:\sandbox\duckandgoose\duckandgoose\bin-int\release-x64\exoengine\exoengine.pch
c:\sandbox\duckandgoose\duckandgoose\bin-int\release-x64\exoengine\vc142.pdb
c:\sandbox\duckandgoose\duckandgoose\bin-int\release-x64\exoengine\empch.obj
c:\sandbox\duckandgoose\duckandgoose\bin-int\release-x64\exoengine\logic.obj
c:\sandbox\duckandgoose\duckandgoose\bin-int\release-x64\exoengine\time.obj
c:\sandbox\duckandgoose\duckandgoose\bin-int\release-x64\exoengine\buffer.obj
c:\sandbox\duckandgoose\duckandgoose\bin-int\release-x64\exoengine\shader.obj
c:\sandbox\duckandgoose\duckandgoose\bin-int\release-x64\exoengine\transform.obj
c:\sandbox\duckandgoose\duckandgoose\bin-int\release-x64\exoengine\log.obj
c:\sandbox\duckandgoose\duckandgoose\bin-int\release-x64\exoengine\playercontroller.obj
c:\sandbox\duckandgoose\duckandgoose\bin-int\release-x64\exoengine\renderer.obj
c:\sandbox\duckandgoose\duckandgoose\bin-int\release-x64\exoengine\scenemanager.obj
c:\sandbox\duckandgoose\duckandgoose\bin-int\release-x64\exoengine\vec3.obj
c:\sandbox\duckandgoose\duckandgoose\bin-int\release-x64\exoengine\vmath.obj
c:\sandbox\duckandgoose\duckandgoose\bin-int\release-x64\exoengine\enemymovement.obj
c:\sandbox\duckandgoose\duckandgoose\bin-int\release-x64\exoengine\logicsystem.obj
c:\sandbox\duckandgoose\duckandgoose\bin-int\release-x64\exoengine\windata.obj
c:\sandbox\duckandgoose\duckandgoose\bin-int\release-x64\exoengine\collisionresponse.obj
c:\sandbox\duckandgoose\duckandgoose\bin-int\release-x64\exoengine\matrix3d.obj
c:\sandbox\duckandgoose\duckandgoose\bin-int\release-x64\exoengine\physics.obj
c:\sandbox\duckandgoose\duckandgoose\bin-int\release-x64\exoengine\physicssystem.obj
c:\sandbox\duckandgoose\duckandgoose\bin-int\release-x64\exoengine\sprite.obj
c:\sandbox\duckandgoose\duckandgoose\bin-int\release-x64\exoengine\graphics.obj
c:\sandbox\duckandgoose\duckandgoose\bin-int\release-x64\exoengine\audio.obj
c:\sandbox\duckandgoose\duckandgoose\bin-int\release-x64\exoengine\audioengine.obj
c:\sandbox\duckandgoose\duckandgoose\bin-int\release-x64\exoengine\framebuffer.obj
c:\sandbox\duckandgoose\duckandgoose\bin-int\release-x64\exoengine\vertexarray.obj
c:\sandbox\duckandgoose\duckandgoose\bin-int\release-x64\exoengine\vertexbuffer.obj
c:\sandbox\duckandgoose\duckandgoose\bin-int\release-x64\exoengine\jsonserialization.obj
c:\sandbox\duckandgoose\duckandgoose\bin-int\release-x64\exoengine\collider.obj
c:\sandbox\duckandgoose\duckandgoose\bin-int\release-x64\exoengine\input.obj
c:\sandbox\duckandgoose\duckandgoose\bin-int\release-x64\exoengine\collisionsystem.obj
c:\sandbox\duckandgoose\duckandgoose\bin-int\release-x64\exoengine\textrendering.obj
c:\sandbox\duckandgoose\duckandgoose\bin-int\release-x64\exoengine\components.obj
c:\sandbox\duckandgoose\duckandgoose\bin-int\release-x64\exoengine\matrix4x4.obj
c:\sandbox\duckandgoose\duckandgoose\bin-int\release-x64\exoengine\window.obj
c:\sandbox\duckandgoose\duckandgoose\bin-int\release-x64\exoengine\nametag.obj
c:\sandbox\duckandgoose\duckandgoose\bin-int\release-x64\exoengine\animation.obj
c:\sandbox\duckandgoose\duckandgoose\bin-int\release-x64\exoengine\camera2d.obj
c:\sandbox\duckandgoose\duckandgoose\bin-int\release-x64\exoengine\cameracomponent.obj
c:\sandbox\duckandgoose\duckandgoose\bin-int\release-x64\exoengine\picker.obj
c:\sandbox\duckandgoose\duckandgoose\bin-int\release-x64\exoengine\texture.obj
c:\sandbox\duckandgoose\duckandgoose\bin-int\release-x64\exoengine\stb_image.obj
c:\sandbox\duckandgoose\duckandgoose\bin-int\release-x64\exoengine\tag.obj
c:\sandbox\duckandgoose\duckandgoose\bin-int\release-x64\exoengine\application.obj
c:\sandbox\duckandgoose\duckandgoose\bin-int\release-x64\exoengine\spriterendering.obj
c:\sandbox\duckandgoose\duckandgoose\bin-int\release-x64\exoengine\leveleditor.obj
c:\sandbox\duckandgoose\duckandgoose\bin-int\release-x64\exoengine\rigidbody.obj
c:\sandbox\duckandgoose\duckandgoose\bin-int\release-x64\exoengine\gui.obj
c:\sandbox\duckandgoose\duckandgoose\bin-int\release-x64\exoengine\resourcemanager.obj
c:\sandbox\duckandgoose\duckandgoose\bin-int\release-x64\exoengine\imgui.obj
c:\sandbox\duckandgoose\duckandgoose\bin-int\release-x64\exoengine\imguizmo.obj
c:\sandbox\duckandgoose\duckandgoose\bin-int\release-x64\exoengine\imgui_impl_opengl3.obj
c:\sandbox\duckandgoose\duckandgoose\bin-int\release-x64\exoengine\imgui_demo.obj
c:\sandbox\duckandgoose\duckandgoose\bin-int\release-x64\exoengine\imgui_widgets.obj
c:\sandbox\duckandgoose\duckandgoose\bin-int\release-x64\exoengine\imgui_impl_glfw.obj
c:\sandbox\duckandgoose\duckandgoose\bin-int\release-x64\exoengine\imgui_tables.obj
c:\sandbox\duckandgoose\duckandgoose\bin-int\release-x64\exoengine\imgui_draw.obj
c:\sandbox\duckandgoose\duckandgoose\bin\release-x64\exoengine\exoengine.lib
c:\sandbox\duckandgoose\duckandgoose\bin\release-x64\exoengine\exoengine.exp
c:\sandbox\duckandgoose\duckandgoose\bin\release-x64\exoengine\exoengine.dll
c:\sandbox\duckandgoose\duckandgoose\bin-int\release-x64\exoengine\exoengine.ipdb
c:\sandbox\duckandgoose\duckandgoose\bin-int\release-x64\exoengine\exoengine.iobj
c:\sandbox\duckandgoose\duckandgoose\bin\release-x64\exoengine\exoengine.pdb
c:\sandbox\duckandgoose\duckandgoose\bin-int\release-x64\exoengine\exoengine.tlog\cl.command.1.tlog
c:\sandbox\duckandgoose\duckandgoose\bin-int\release-x64\exoengine\exoengine.tlog\cl.read.1.tlog
c:\sandbox\duckandgoose\duckandgoose\bin-int\release-x64\exoengine\exoengine.tlog\cl.write.1.tlog
c:\sandbox\duckandgoose\duckandgoose\bin-int\release-x64\exoengine\exoengine.tlog\exoengine.write.1u.tlog
c:\sandbox\duckandgoose\duckandgoose\bin-int\release-x64\exoengine\exoengine.tlog\link.command.1.tlog
c:\sandbox\duckandgoose\duckandgoose\bin-int\release-x64\exoengine\exoengine.tlog\link.read.1.tlog
c:\sandbox\duckandgoose\duckandgoose\bin-int\release-x64\exoengine\exoengine.tlog\link.write.1.tlog
